<?xml version="1.0" encoding="UTF-8" ?>
<testsuite failures="0" time="0.059" errors="1" skipped="0" tests="2" name="com.mmall.service.test.ShippingServiceTest">
  <properties>
[...]
</properties>
  <testcase time="0.046" classname="com.mmall.service.test.ShippingServiceTest" name="testList">
    <error message="com.github.pagehelper.PageInfo cannot be cast to java.util.List" type="java.lang.ClassCastException">java.lang.ClassCastException: com.github.pagehelper.PageInfo cannot be cast to java.util.List
	at com.mmall.service.test.ShippingServiceTest.testList(ShippingServiceTest.java:38)
	at sun.reflect.NativeMethodAccessorImpl.invoke0(Native Method)
	at sun.reflect.NativeMethodAccessorImpl.invoke(NativeMethodAccessorImpl.java:57)
	at sun.reflect.DelegatingMethodAccessorImpl.invoke(DelegatingMethodAccessorImpl.java:43)
	at java.lang.reflect.Method.invoke(Method.java:606)
	at org.junit.runners.model.FrameworkMethod$1.runReflectiveCall(FrameworkMethod.java:50)
	at org.junit.internal.runners.model.ReflectiveCallable.run(ReflectiveCallable.java:12)
	at org.junit.runners.model.FrameworkMethod.invokeExplosively(FrameworkMethod.java:47)
	at org.junit.internal.runners.statements.InvokeMethod.evaluate(InvokeMethod.java:17)
	at org.springframework.test.context.junit4.statements.RunBeforeTestMethodCallbacks.evaluate(RunBeforeTestMethodCallbacks.java:74)
	at org.springframework.test.context.junit4.statements.RunAfterTestMethodCallbacks.evaluate(RunAfterTestMethodCallbacks.java:83)
	at org.springframework.test.context.junit4.statements.SpringRepeat.evaluate(SpringRepeat.java:72)
	at org.springframework.test.context.junit4.SpringJUnit4ClassRunner.runChild(SpringJUnit4ClassRunner.java:232)
	at org.springframework.test.context.junit4.SpringJUnit4ClassRunner.runChild(SpringJUnit4ClassRunner.java:89)
	at org.junit.runners.ParentRunner$3.run(ParentRunner.java:290)
	at org.junit.runners.ParentRunner$1.schedule(ParentRunner.java:71)
	at org.junit.runners.ParentRunner.runChildren(ParentRunner.java:288)
	at org.junit.runners.ParentRunner.access$000(ParentRunner.java:58)
	at org.junit.runners.ParentRunner$2.evaluate(ParentRunner.java:268)
	at org.springframework.test.context.junit4.statements.RunBeforeTestClassCallbacks.evaluate(RunBeforeTestClassCallbacks.java:61)
	at org.springframework.test.context.junit4.statements.RunAfterTestClassCallbacks.evaluate(RunAfterTestClassCallbacks.java:71)
	at org.junit.runners.ParentRunner.run(ParentRunner.java:363)
	at org.springframework.test.context.junit4.SpringJUnit4ClassRunner.run(SpringJUnit4ClassRunner.java:175)
	at org.apache.maven.surefire.junit4.JUnit4TestSet.execute(JUnit4TestSet.java:53)
	at org.apache.maven.surefire.junit4.JUnit4Provider.executeTestSet(JUnit4Provider.java:123)
	at org.apache.maven.surefire.junit4.JUnit4Provider.invoke(JUnit4Provider.java:104)
	at sun.reflect.NativeMethodAccessorImpl.invoke0(Native Method)
	at sun.reflect.NativeMethodAccessorImpl.invoke(NativeMethodAccessorImpl.java:57)
	at sun.reflect.DelegatingMethodAccessorImpl.invoke(DelegatingMethodAccessorImpl.java:43)
	at java.lang.reflect.Method.invoke(Method.java:606)
	at org.apache.maven.surefire.util.ReflectionUtils.invokeMethodWithArray(ReflectionUtils.java:164)
	at org.apache.maven.surefire.booter.ProviderFactory$ProviderProxy.invoke(ProviderFactory.java:110)
	at org.apache.maven.surefire.booter.SurefireStarter.invokeProvider(SurefireStarter.java:175)
	at org.apache.maven.surefire.booter.SurefireStarter.runSuitesInProcessWhenForked(SurefireStarter.java:107)
	at org.apache.maven.surefire.booter.ForkedBooter.main(ForkedBooter.java:68)
</error>
    <system-out>[19:11:48.328][DEBUG][org.mybatis.spring.SqlSessionUtils][main] Creating a new SqlSession
[19:11:48.328][DEBUG][org.mybatis.spring.SqlSessionUtils][main] SqlSession [org.apache.ibatis.session.defaults.DefaultSqlSession@77bf3f6a] was not registered for synchronization because synchronization is not active
[19:11:48.357][DEBUG][o.m.s.t.SpringManagedTransaction][main] JDBC Connection [jdbc:mysql://127.0.0.1:3306/mmall?characterEncoding=utf-8, UserName=root@localhost, MySQL-AB JDBC Driver] will not be managed by Spring
[19:11:48.357][DEBUG][c.m.d.S.selectByUserId_COUNT][main] ==&gt;  Preparing: SELECT count(*) FROM mmall_shipping WHERE user_id = ? 
[19:11:48.358][DEBUG][c.m.d.S.selectByUserId_COUNT][main] ==&gt; Parameters: 1(Integer)
[19:11:48.364][DEBUG][c.m.d.S.selectByUserId_COUNT][main] &lt;==      Total: 1
[19:11:48.365][DEBUG][c.m.dao.ShippingMapper.selectByUserId][main] ==&gt;  Preparing: SELECT id, user_id, receiver_name, receiver_phone, receiver_mobile, receiver_province, receiver_city, receiver_district, receiver_address, receiver_zip, create_time, update_time from mmall_shipping where user_id = ? limit ?,? 
[19:11:48.365][DEBUG][c.m.dao.ShippingMapper.selectByUserId][main] ==&gt; Parameters: 1(Integer), 0(Integer), 2(Integer)
[19:11:48.370][DEBUG][c.m.dao.ShippingMapper.selectByUserId][main] &lt;==      Total: 1
[19:11:48.370][DEBUG][org.mybatis.spring.SqlSessionUtils][main] Closing non transactional SqlSession [org.apache.ibatis.session.defaults.DefaultSqlSession@77bf3f6a]
</system-out>
  </testcase>
  <testcase time="0.013" classname="com.mmall.service.test.ShippingServiceTest" name="testSelect"/>
</testsuite>